Flow report for Coursework
Sat May 04 15:52:44 2024
Quartus II 64-Bit Version 13.0.1 Build 232 06/12/2013 Service Pack 1 SJ Web Edition


---------------------
; Table of Contents ;
---------------------
  1. Legal Notice
  2. Flow Summary
  3. Flow Settings
  4. Flow Non-Default Global Settings
  5. Flow Elapsed Time
  6. Flow OS Summary
  7. Flow Log
  8. Flow Messages
  9. Flow Suppressed Messages



----------------
; Legal Notice ;
----------------
Copyright (C) 1991-2013 Altera Corporation
Your use of Altera Corporation's design tools, logic functions 
and other software and tools, and its AMPP partner logic 
functions, and any output files from any of the foregoing 
(including device programming or simulation files), and any 
associated documentation or information are expressly subject 
to the terms and conditions of the Altera Program License 
Subscription Agreement, Altera MegaCore Function License 
Agreement, or other applicable license agreement, including, 
without limitation, that your use is for the sole purpose of 
programming logic devices manufactured by Altera and sold by 
Altera or its authorized distributors.  Please refer to the 
applicable agreement for further details.



+--------------------------------------------------------------------------------------+
; Flow Summary                                                                         ;
+------------------------------------+-------------------------------------------------+
; Flow Status                        ; Successful - Sat May 04 15:52:44 2024           ;
; Quartus II 64-Bit Version          ; 13.0.1 Build 232 06/12/2013 SP 1 SJ Web Edition ;
; Revision Name                      ; Coursework                                      ;
; Top-level Entity Name              ; Coursework                                      ;
; Family                             ; Cyclone II                                      ;
; Device                             ; EP2C5Q208C8                                     ;
; Timing Models                      ; Final                                           ;
; Total logic elements               ; 65 / 4,608 ( 1 % )                              ;
;     Total combinational functions  ; 51 / 4,608 ( 1 % )                              ;
;     Dedicated logic registers      ; 38 / 4,608 ( < 1 % )                            ;
; Total registers                    ; 38                                              ;
; Total pins                         ; 39 / 142 ( 27 % )                               ;
; Total virtual pins                 ; 0                                               ;
; Total memory bits                  ; 0 / 119,808 ( 0 % )                             ;
; Embedded Multiplier 9-bit elements ; 0 / 26 ( 0 % )                                  ;
; Total PLLs                         ; 0 / 2 ( 0 % )                                   ;
+------------------------------------+-------------------------------------------------+


+-----------------------------------------+
; Flow Settings                           ;
+-------------------+---------------------+
; Option            ; Setting             ;
+-------------------+---------------------+
; Start date & time ; 05/04/2024 15:47:24 ;
; Main task         ; Compilation         ;
; Revision Name     ; Coursework          ;
+-------------------+---------------------+


+----------------------------------------------------------------------------------------------------------------------+
; Flow Non-Default Global Settings                                                                                     ;
+-------------------------------------+---------------------------------+---------------+-------------+----------------+
; Assignment Name                     ; Value                           ; Default Value ; Entity Name ; Section Id     ;
+-------------------------------------+---------------------------------+---------------+-------------+----------------+
; COMPILER_SIGNATURE_ID               ; 154535776981669.171482684414488 ; --            ; --          ; --             ;
; EDA_GENERATE_FUNCTIONAL_NETLIST     ; On                              ; --            ; --          ; eda_simulation ;
; EDA_OUTPUT_DATA_FORMAT              ; Verilog Hdl                     ; --            ; --          ; eda_simulation ;
; EDA_SIMULATION_TOOL                 ; ModelSim-Altera (Verilog)       ; <None>        ; --          ; --             ;
; IP_TOOL_NAME                        ; LPM_CONSTANT                    ; --            ; --          ; --             ;
; IP_TOOL_NAME                        ; LPM_MUX                         ; --            ; --          ; --             ;
; IP_TOOL_NAME                        ; LPM_COUNTER                     ; --            ; --          ; --             ;
; IP_TOOL_NAME                        ; LPM_DECODE                      ; --            ; --          ; --             ;
; IP_TOOL_NAME                        ; LPM_CONSTANT                    ; --            ; --          ; --             ;
; IP_TOOL_NAME                        ; LPM_SHIFTREG                    ; --            ; --          ; --             ;
; IP_TOOL_NAME                        ; LPM_SHIFTREG                    ; --            ; --          ; --             ;
; IP_TOOL_NAME                        ; LPM_SHIFTREG                    ; --            ; --          ; --             ;
; IP_TOOL_VERSION                     ; 13.0                            ; --            ; --          ; --             ;
; IP_TOOL_VERSION                     ; 13.0                            ; --            ; --          ; --             ;
; IP_TOOL_VERSION                     ; 13.0                            ; --            ; --          ; --             ;
; IP_TOOL_VERSION                     ; 13.0                            ; --            ; --          ; --             ;
; IP_TOOL_VERSION                     ; 13.0                            ; --            ; --          ; --             ;
; IP_TOOL_VERSION                     ; 13.0                            ; --            ; --          ; --             ;
; IP_TOOL_VERSION                     ; 13.0                            ; --            ; --          ; --             ;
; IP_TOOL_VERSION                     ; 13.0                            ; --            ; --          ; --             ;
; MAX_CORE_JUNCTION_TEMP              ; 85                              ; --            ; --          ; --             ;
; MIN_CORE_JUNCTION_TEMP              ; 0                               ; --            ; --          ; --             ;
; MISC_FILE                           ; lpm_constant0.bsf               ; --            ; --          ; --             ;
; MISC_FILE                           ; lpm_constant0.cmp               ; --            ; --          ; --             ;
; MISC_FILE                           ; lpm_mux0.bsf                    ; --            ; --          ; --             ;
; MISC_FILE                           ; lpm_mux0.cmp                    ; --            ; --          ; --             ;
; MISC_FILE                           ; lpm_counter0.bsf                ; --            ; --          ; --             ;
; MISC_FILE                           ; lpm_counter0.cmp                ; --            ; --          ; --             ;
; MISC_FILE                           ; lpm_decode0.bsf                 ; --            ; --          ; --             ;
; MISC_FILE                           ; lpm_decode0.cmp                 ; --            ; --          ; --             ;
; MISC_FILE                           ; lpm_constant1.bsf               ; --            ; --          ; --             ;
; MISC_FILE                           ; lpm_constant1.cmp               ; --            ; --          ; --             ;
; MISC_FILE                           ; lpm_shiftreg0.bsf               ; --            ; --          ; --             ;
; MISC_FILE                           ; lpm_shiftreg0.cmp               ; --            ; --          ; --             ;
; MISC_FILE                           ; lpm_shiftreg1.bsf               ; --            ; --          ; --             ;
; MISC_FILE                           ; lpm_shiftreg1.cmp               ; --            ; --          ; --             ;
; MISC_FILE                           ; lpm_shiftreg2.bsf               ; --            ; --          ; --             ;
; MISC_FILE                           ; lpm_shiftreg2.cmp               ; --            ; --          ; --             ;
; PARTITION_COLOR                     ; 16764057                        ; --            ; --          ; Top            ;
; PARTITION_FITTER_PRESERVATION_LEVEL ; PLACEMENT_AND_ROUTING           ; --            ; --          ; Top            ;
; PARTITION_NETLIST_TYPE              ; SOURCE                          ; --            ; --          ; Top            ;
; PROJECT_OUTPUT_DIRECTORY            ; output_files                    ; --            ; --          ; --             ;
+-------------------------------------+---------------------------------+---------------+-------------+----------------+


+-------------------------------------------------------------------------------------------------------------------------------+
; Flow Elapsed Time                                                                                                             ;
+---------------------------+--------------+-------------------------+---------------------+------------------------------------+
; Module Name               ; Elapsed Time ; Average Processors Used ; Peak Virtual Memory ; Total CPU Time (on all processors) ;
+---------------------------+--------------+-------------------------+---------------------+------------------------------------+
; Analysis & Synthesis      ; 00:00:02     ; 1.0                     ; 4645 MB             ; 00:00:02                           ;
; Fitter                    ; 00:00:02     ; 1.0                     ; 4795 MB             ; 00:00:02                           ;
; Assembler                 ; 00:00:01     ; 1.0                     ; 4543 MB             ; 00:00:01                           ;
; TimeQuest Timing Analyzer ; 00:00:01     ; 1.0                     ; 4537 MB             ; 00:00:01                           ;
; EDA Netlist Writer        ; 00:00:01     ; 1.0                     ; 4509 MB             ; 00:00:00                           ;
; EDA Netlist Writer        ; 00:00:01     ; 1.0                     ; 4517 MB             ; 00:00:01                           ;
; EDA Netlist Writer        ; 00:00:01     ; 1.0                     ; 4517 MB             ; 00:00:01                           ;
; EDA Netlist Writer        ; 00:00:01     ; 1.0                     ; 4517 MB             ; 00:00:01                           ;
; EDA Netlist Writer        ; 00:00:01     ; 1.0                     ; 4517 MB             ; 00:00:01                           ;
; Total                     ; 00:00:11     ; --                      ; --                  ; 00:00:10                           ;
+---------------------------+--------------+-------------------------+---------------------+------------------------------------+


+----------------------------------------------------------------------------------------+
; Flow OS Summary                                                                        ;
+---------------------------+------------------+-----------+------------+----------------+
; Module Name               ; Machine Hostname ; OS Name   ; OS Version ; Processor type ;
+---------------------------+------------------+-----------+------------+----------------+
; Analysis & Synthesis      ; WIN-7PQB28VMG3N  ; Windows 7 ; 6.2        ; x86_64         ;
; Fitter                    ; WIN-7PQB28VMG3N  ; Windows 7 ; 6.2        ; x86_64         ;
; Assembler                 ; WIN-7PQB28VMG3N  ; Windows 7 ; 6.2        ; x86_64         ;
; TimeQuest Timing Analyzer ; WIN-7PQB28VMG3N  ; Windows 7 ; 6.2        ; x86_64         ;
; EDA Netlist Writer        ; WIN-7PQB28VMG3N  ; Windows 7 ; 6.2        ; x86_64         ;
; EDA Netlist Writer        ; WIN-7PQB28VMG3N  ; Windows 7 ; 6.2        ; x86_64         ;
; EDA Netlist Writer        ; WIN-7PQB28VMG3N  ; Windows 7 ; 6.2        ; x86_64         ;
; EDA Netlist Writer        ; WIN-7PQB28VMG3N  ; Windows 7 ; 6.2        ; x86_64         ;
; EDA Netlist Writer        ; WIN-7PQB28VMG3N  ; Windows 7 ; 6.2        ; x86_64         ;
+---------------------------+------------------+-----------+------------+----------------+


------------
; Flow Log ;
------------
quartus_map --read_settings_files=on --write_settings_files=off Coursework -c Coursework
quartus_fit --read_settings_files=off --write_settings_files=off Coursework -c Coursework
quartus_asm --read_settings_files=off --write_settings_files=off Coursework -c Coursework
quartus_sta Coursework -c Coursework
quartus_eda --read_settings_files=off --write_settings_files=off Coursework -c Coursework
quartus_eda --gen_testbench --check_outputs=on --tool=modelsim_oem --format=verilog Coursework -c Coursework --vector_source=D:/CODING/CADWork/Coursework/Waveform_4.vwf --testbench_file=./simulation/qsim/Coursework.vt
quartus_eda --functional=on --simulation=on --tool=modelsim_oem --format=verilog Coursework -c Coursework
quartus_eda --gen_testbench --check_outputs=on --tool=modelsim_oem --format=verilog Coursework -c Coursework --vector_source=D:/CODING/CADWork/Coursework/Waveform_4.vwf --testbench_file=./simulation/qsim/Coursework.vt
quartus_eda --functional=off --timescale=1ps --simulation=on --tool=modelsim_oem --format=verilog Coursework -c Coursework



