Analysis & Synthesis report for proc
Tue May 21 18:34:25 2024
Quartus II 64-Bit Version 13.0.1 Build 232 06/12/2013 Service Pack 1 SJ Web Edition


---------------------
; Table of Contents ;
---------------------
  1. Legal Notice
  2. Analysis & Synthesis Summary
  3. Analysis & Synthesis Settings
  4. Parallel Compilation
  5. Analysis & Synthesis Source Files Read
  6. Analysis & Synthesis Resource Usage Summary
  7. Analysis & Synthesis Resource Utilization by Entity
  8. Analysis & Synthesis IP Cores Summary
  9. Registers Removed During Synthesis
 10. Removed Registers Triggering Further Register Optimizations
 11. General Register Statistics
 12. Parameter Settings for User Entity Instance: reg:inst15|output_tact:inst10|lpm_mux0:inst2|LPM_MUX:LPM_MUX_component
 13. Parameter Settings for User Entity Instance: reg:inst15|output_tact:inst10|lpm_constant0:inst1|lpm_constant:LPM_CONSTANT_component
 14. Parameter Settings for User Entity Instance: reg:inst15|lpm_shiftreg1:inst7|lpm_shiftreg:LPM_SHIFTREG_component
 15. Parameter Settings for User Entity Instance: reg:inst15|ready_signal:inst11|lpm_decode0:inst1|lpm_decode:LPM_DECODE_component
 16. Parameter Settings for User Entity Instance: reg:inst15|ready_signal:inst11|lpm_counter0:inst|lpm_counter:LPM_COUNTER_component
 17. Parameter Settings for User Entity Instance: reg:inst15|lpm_shiftreg0:inst|lpm_shiftreg:LPM_SHIFTREG_component
 18. Parameter Settings for User Entity Instance: reg:inst15|lpm_constant1:inst2|lpm_constant:LPM_CONSTANT_component
 19. Parameter Settings for User Entity Instance: reg:inst15|lpm_constant0:inst1|lpm_constant:LPM_CONSTANT_component
 20. Parameter Settings for User Entity Instance: reg:inst15|lpm_shiftreg2:inst8|lpm_shiftreg:LPM_SHIFTREG_component
 21. lpm_shiftreg Parameter Settings by Entity Instance
 22. Elapsed Time Per Partition
 23. Analysis & Synthesis Messages



----------------
; Legal Notice ;
----------------
Copyright (C) 1991-2013 Altera Corporation
Your use of Altera Corporation's design tools, logic functions 
and other software and tools, and its AMPP partner logic 
functions, and any output files from any of the foregoing 
(including device programming or simulation files), and any 
associated documentation or information are expressly subject 
to the terms and conditions of the Altera Program License 
Subscription Agreement, Altera MegaCore Function License 
Agreement, or other applicable license agreement, including, 
without limitation, that your use is for the sole purpose of 
programming logic devices manufactured by Altera and sold by 
Altera or its authorized distributors.  Please refer to the 
applicable agreement for further details.



+--------------------------------------------------------------------------------------+
; Analysis & Synthesis Summary                                                         ;
+------------------------------------+-------------------------------------------------+
; Analysis & Synthesis Status        ; Successful - Tue May 21 18:34:25 2024           ;
; Quartus II 64-Bit Version          ; 13.0.1 Build 232 06/12/2013 SP 1 SJ Web Edition ;
; Revision Name                      ; proc                                            ;
; Top-level Entity Name              ; proc                                            ;
; Family                             ; Cyclone II                                      ;
; Total logic elements               ; 20                                              ;
;     Total combinational functions  ; 8                                               ;
;     Dedicated logic registers      ; 12                                              ;
; Total registers                    ; 12                                              ;
; Total pins                         ; 42                                              ;
; Total virtual pins                 ; 0                                               ;
; Total memory bits                  ; 0                                               ;
; Embedded Multiplier 9-bit elements ; 0                                               ;
; Total PLLs                         ; 0                                               ;
+------------------------------------+-------------------------------------------------+


+----------------------------------------------------------------------------------------------------------------------+
; Analysis & Synthesis Settings                                                                                        ;
+----------------------------------------------------------------------------+--------------------+--------------------+
; Option                                                                     ; Setting            ; Default Value      ;
+----------------------------------------------------------------------------+--------------------+--------------------+
; Device                                                                     ; EP2C5Q208C8        ;                    ;
; Top-level entity name                                                      ; proc               ; proc               ;
; Family name                                                                ; Cyclone II         ; Cyclone IV GX      ;
; Use smart compilation                                                      ; Off                ; Off                ;
; Enable parallel Assembler and TimeQuest Timing Analyzer during compilation ; On                 ; On                 ;
; Enable compact report table                                                ; Off                ; Off                ;
; Restructure Multiplexers                                                   ; Auto               ; Auto               ;
; Create Debugging Nodes for IP Cores                                        ; Off                ; Off                ;
; Preserve fewer node names                                                  ; On                 ; On                 ;
; Disable OpenCore Plus hardware evaluation                                  ; Off                ; Off                ;
; Verilog Version                                                            ; Verilog_2001       ; Verilog_2001       ;
; VHDL Version                                                               ; VHDL_1993          ; VHDL_1993          ;
; State Machine Processing                                                   ; Auto               ; Auto               ;
; Safe State Machine                                                         ; Off                ; Off                ;
; Extract Verilog State Machines                                             ; On                 ; On                 ;
; Extract VHDL State Machines                                                ; On                 ; On                 ;
; Ignore Verilog initial constructs                                          ; Off                ; Off                ;
; Iteration limit for constant Verilog loops                                 ; 5000               ; 5000               ;
; Iteration limit for non-constant Verilog loops                             ; 250                ; 250                ;
; Add Pass-Through Logic to Inferred RAMs                                    ; On                 ; On                 ;
; Infer RAMs from Raw Logic                                                  ; On                 ; On                 ;
; Parallel Synthesis                                                         ; On                 ; On                 ;
; DSP Block Balancing                                                        ; Auto               ; Auto               ;
; NOT Gate Push-Back                                                         ; On                 ; On                 ;
; Power-Up Don't Care                                                        ; On                 ; On                 ;
; Remove Redundant Logic Cells                                               ; Off                ; Off                ;
; Remove Duplicate Registers                                                 ; On                 ; On                 ;
; Ignore CARRY Buffers                                                       ; Off                ; Off                ;
; Ignore CASCADE Buffers                                                     ; Off                ; Off                ;
; Ignore GLOBAL Buffers                                                      ; Off                ; Off                ;
; Ignore ROW GLOBAL Buffers                                                  ; Off                ; Off                ;
; Ignore LCELL Buffers                                                       ; Off                ; Off                ;
; Ignore SOFT Buffers                                                        ; On                 ; On                 ;
; Limit AHDL Integers to 32 Bits                                             ; Off                ; Off                ;
; Optimization Technique                                                     ; Balanced           ; Balanced           ;
; Carry Chain Length                                                         ; 70                 ; 70                 ;
; Auto Carry Chains                                                          ; On                 ; On                 ;
; Auto Open-Drain Pins                                                       ; On                 ; On                 ;
; Perform WYSIWYG Primitive Resynthesis                                      ; Off                ; Off                ;
; Auto ROM Replacement                                                       ; On                 ; On                 ;
; Auto RAM Replacement                                                       ; On                 ; On                 ;
; Auto Shift Register Replacement                                            ; Auto               ; Auto               ;
; Allow Shift Register Merging across Hierarchies                            ; Auto               ; Auto               ;
; Auto Clock Enable Replacement                                              ; On                 ; On                 ;
; Strict RAM Replacement                                                     ; Off                ; Off                ;
; Allow Synchronous Control Signals                                          ; On                 ; On                 ;
; Force Use of Synchronous Clear Signals                                     ; Off                ; Off                ;
; Auto RAM to Logic Cell Conversion                                          ; Off                ; Off                ;
; Auto Resource Sharing                                                      ; Off                ; Off                ;
; Allow Any RAM Size For Recognition                                         ; Off                ; Off                ;
; Allow Any ROM Size For Recognition                                         ; Off                ; Off                ;
; Allow Any Shift Register Size For Recognition                              ; Off                ; Off                ;
; Use LogicLock Constraints during Resource Balancing                        ; On                 ; On                 ;
; Ignore translate_off and synthesis_off directives                          ; Off                ; Off                ;
; Timing-Driven Synthesis                                                    ; Off                ; Off                ;
; Report Parameter Settings                                                  ; On                 ; On                 ;
; Report Source Assignments                                                  ; On                 ; On                 ;
; Report Connectivity Checks                                                 ; On                 ; On                 ;
; Ignore Maximum Fan-Out Assignments                                         ; Off                ; Off                ;
; Synchronization Register Chain Length                                      ; 2                  ; 2                  ;
; PowerPlay Power Optimization                                               ; Normal compilation ; Normal compilation ;
; HDL message level                                                          ; Level2             ; Level2             ;
; Suppress Register Optimization Related Messages                            ; Off                ; Off                ;
; Number of Removed Registers Reported in Synthesis Report                   ; 5000               ; 5000               ;
; Number of Swept Nodes Reported in Synthesis Report                         ; 5000               ; 5000               ;
; Number of Inverted Registers Reported in Synthesis Report                  ; 100                ; 100                ;
; Clock MUX Protection                                                       ; On                 ; On                 ;
; Auto Gated Clock Conversion                                                ; Off                ; Off                ;
; Block Design Naming                                                        ; Auto               ; Auto               ;
; SDC constraint protection                                                  ; Off                ; Off                ;
; Synthesis Effort                                                           ; Auto               ; Auto               ;
; Shift Register Replacement - Allow Asynchronous Clear Signal               ; On                 ; On                 ;
; Pre-Mapping Resynthesis Optimization                                       ; Off                ; Off                ;
; Analysis & Synthesis Message Level                                         ; Medium             ; Medium             ;
; Disable Register Merging Across Hierarchies                                ; Auto               ; Auto               ;
; Resource Aware Inference For Block RAM                                     ; On                 ; On                 ;
; Synthesis Seed                                                             ; 1                  ; 1                  ;
+----------------------------------------------------------------------------+--------------------+--------------------+


Parallel compilation was disabled, but you have multiple processors available. Enable parallel compilation to reduce compilation time.
+-------------------------------------+
; Parallel Compilation                ;
+----------------------------+--------+
; Processors                 ; Number ;
+----------------------------+--------+
; Number detected on machine ; 8      ;
; Maximum allowed            ; 1      ;
+----------------------------+--------+


+----------------------------------------------------------------------------------------------------------------------------------------------------------------------------------+
; Analysis & Synthesis Source Files Read                                                                                                                                           ;
+----------------------------------+-----------------+------------------------------------------+------------------------------------------------------------------------+---------+
; File Name with User-Entered Path ; Used in Netlist ; File Type                                ; File Name with Absolute Path                                           ; Library ;
+----------------------------------+-----------------+------------------------------------------+------------------------------------------------------------------------+---------+
; proc.bdf                         ; yes             ; User Block Diagram/Schematic File        ; D:/CODING/CADWork/CW/proc/proc.bdf                                     ;         ;
; reg.bdf                          ; yes             ; Auto-Found Block Diagram/Schematic File  ; D:/CODING/CADWork/CW/proc/reg.bdf                                      ;         ;
; output_tact.bdf                  ; yes             ; Auto-Found Block Diagram/Schematic File  ; D:/CODING/CADWork/CW/proc/output_tact.bdf                              ;         ;
; lpm_mux0.vhd                     ; yes             ; Auto-Found Wizard-Generated File         ; D:/CODING/CADWork/CW/proc/lpm_mux0.vhd                                 ;         ;
; lpm_mux.tdf                      ; yes             ; Megafunction                             ; d:/quatrus/qua/quartus/libraries/megafunctions/lpm_mux.tdf             ;         ;
; aglobal130.inc                   ; yes             ; Megafunction                             ; d:/quatrus/qua/quartus/libraries/megafunctions/aglobal130.inc          ;         ;
; muxlut.inc                       ; yes             ; Megafunction                             ; d:/quatrus/qua/quartus/libraries/megafunctions/muxlut.inc              ;         ;
; bypassff.inc                     ; yes             ; Megafunction                             ; d:/quatrus/qua/quartus/libraries/megafunctions/bypassff.inc            ;         ;
; altshift.inc                     ; yes             ; Megafunction                             ; d:/quatrus/qua/quartus/libraries/megafunctions/altshift.inc            ;         ;
; db/mux_23e.tdf                   ; yes             ; Auto-Generated Megafunction              ; D:/CODING/CADWork/CW/proc/db/mux_23e.tdf                               ;         ;
; lpm_constant0.vhd                ; yes             ; Auto-Found Wizard-Generated File         ; D:/CODING/CADWork/CW/proc/lpm_constant0.vhd                            ;         ;
; lpm_constant.tdf                 ; yes             ; Megafunction                             ; d:/quatrus/qua/quartus/libraries/megafunctions/lpm_constant.tdf        ;         ;
; lpm_shiftreg1.vhd                ; yes             ; Auto-Found Wizard-Generated File         ; D:/CODING/CADWork/CW/proc/lpm_shiftreg1.vhd                            ;         ;
; lpm_shiftreg.tdf                 ; yes             ; Megafunction                             ; d:/quatrus/qua/quartus/libraries/megafunctions/lpm_shiftreg.tdf        ;         ;
; lpm_constant.inc                 ; yes             ; Megafunction                             ; d:/quatrus/qua/quartus/libraries/megafunctions/lpm_constant.inc        ;         ;
; dffeea.inc                       ; yes             ; Megafunction                             ; d:/quatrus/qua/quartus/libraries/megafunctions/dffeea.inc              ;         ;
; ready_signal.bdf                 ; yes             ; Auto-Found Block Diagram/Schematic File  ; D:/CODING/CADWork/CW/proc/ready_signal.bdf                             ;         ;
; lpm_decode0.vhd                  ; yes             ; Auto-Found Wizard-Generated File         ; D:/CODING/CADWork/CW/proc/lpm_decode0.vhd                              ;         ;
; lpm_decode.tdf                   ; yes             ; Megafunction                             ; d:/quatrus/qua/quartus/libraries/megafunctions/lpm_decode.tdf          ;         ;
; declut.inc                       ; yes             ; Megafunction                             ; d:/quatrus/qua/quartus/libraries/megafunctions/declut.inc              ;         ;
; lpm_compare.inc                  ; yes             ; Megafunction                             ; d:/quatrus/qua/quartus/libraries/megafunctions/lpm_compare.inc         ;         ;
; db/decode_b8f.tdf                ; yes             ; Auto-Generated Megafunction              ; D:/CODING/CADWork/CW/proc/db/decode_b8f.tdf                            ;         ;
; lpm_counter0.vhd                 ; yes             ; Auto-Found Wizard-Generated File         ; D:/CODING/CADWork/CW/proc/lpm_counter0.vhd                             ;         ;
; lpm_counter.tdf                  ; yes             ; Megafunction                             ; d:/quatrus/qua/quartus/libraries/megafunctions/lpm_counter.tdf         ;         ;
; lpm_decode.inc                   ; yes             ; Megafunction                             ; d:/quatrus/qua/quartus/libraries/megafunctions/lpm_decode.inc          ;         ;
; lpm_add_sub.inc                  ; yes             ; Megafunction                             ; d:/quatrus/qua/quartus/libraries/megafunctions/lpm_add_sub.inc         ;         ;
; cmpconst.inc                     ; yes             ; Megafunction                             ; d:/quatrus/qua/quartus/libraries/megafunctions/cmpconst.inc            ;         ;
; lpm_counter.inc                  ; yes             ; Megafunction                             ; d:/quatrus/qua/quartus/libraries/megafunctions/lpm_counter.inc         ;         ;
; alt_counter_stratix.inc          ; yes             ; Megafunction                             ; d:/quatrus/qua/quartus/libraries/megafunctions/alt_counter_stratix.inc ;         ;
; db/cntr_7ni.tdf                  ; yes             ; Auto-Generated Megafunction              ; D:/CODING/CADWork/CW/proc/db/cntr_7ni.tdf                              ;         ;
; lpm_shiftreg0.vhd                ; yes             ; Auto-Found Wizard-Generated File         ; D:/CODING/CADWork/CW/proc/lpm_shiftreg0.vhd                            ;         ;
; lpm_constant1.vhd                ; yes             ; Auto-Found Wizard-Generated File         ; D:/CODING/CADWork/CW/proc/lpm_constant1.vhd                            ;         ;
; lpm_shiftreg2.vhd                ; yes             ; Auto-Found Wizard-Generated File         ; D:/CODING/CADWork/CW/proc/lpm_shiftreg2.vhd                            ;         ;
; paritet_bit.bdf                  ; yes             ; Auto-Found Block Diagram/Schematic File  ; D:/CODING/CADWork/CW/proc/paritet_bit.bdf                              ;         ;
+----------------------------------+-----------------+------------------------------------------+------------------------------------------------------------------------+---------+


+-----------------------------------------------------+
; Analysis & Synthesis Resource Usage Summary         ;
+---------------------------------------------+-------+
; Resource                                    ; Usage ;
+---------------------------------------------+-------+
; Estimated Total logic elements              ; 20    ;
;                                             ;       ;
; Total combinational functions               ; 8     ;
; Logic element usage by number of LUT inputs ;       ;
;     -- 4 input functions                    ; 6     ;
;     -- 3 input functions                    ; 2     ;
;     -- <=2 input functions                  ; 0     ;
;                                             ;       ;
; Logic elements by mode                      ;       ;
;     -- normal mode                          ; 8     ;
;     -- arithmetic mode                      ; 0     ;
;                                             ;       ;
; Total registers                             ; 12    ;
;     -- Dedicated logic registers            ; 12    ;
;     -- I/O registers                        ; 0     ;
;                                             ;       ;
; I/O pins                                    ; 42    ;
; Embedded Multiplier 9-bit elements          ; 0     ;
; Maximum fan-out node                        ; reset ;
; Maximum fan-out                             ; 13    ;
; Total fan-out                               ; 93    ;
; Average fan-out                             ; 1.50  ;
+---------------------------------------------+-------+


+------------------------------------------------------------------------------------------------------------------------------------------------------------------------------------------------------------------------------------------------------+
; Analysis & Synthesis Resource Utilization by Entity                                                                                                                                                                                                  ;
+------------------------------------------------+-------------------+--------------+-------------+--------------+---------+-----------+------+--------------+--------------------------------------------------------------------------+--------------+
; Compilation Hierarchy Node                     ; LC Combinationals ; LC Registers ; Memory Bits ; DSP Elements ; DSP 9x9 ; DSP 18x18 ; Pins ; Virtual Pins ; Full Hierarchy Name                                                      ; Library Name ;
+------------------------------------------------+-------------------+--------------+-------------+--------------+---------+-----------+------+--------------+--------------------------------------------------------------------------+--------------+
; |proc                                          ; 8 (4)             ; 12 (0)       ; 0           ; 0            ; 0       ; 0         ; 42   ; 0            ; |proc                                                                    ; work         ;
;    |reg:inst15|                                ; 4 (0)             ; 12 (0)       ; 0           ; 0            ; 0       ; 0         ; 0    ; 0            ; |proc|reg:inst15                                                         ; work         ;
;       |lpm_shiftreg2:inst8|                    ; 0 (0)             ; 12 (0)       ; 0           ; 0            ; 0       ; 0         ; 0    ; 0            ; |proc|reg:inst15|lpm_shiftreg2:inst8                                     ; work         ;
;          |lpm_shiftreg:LPM_SHIFTREG_component| ; 0 (0)             ; 12 (12)      ; 0           ; 0            ; 0       ; 0         ; 0    ; 0            ; |proc|reg:inst15|lpm_shiftreg2:inst8|lpm_shiftreg:LPM_SHIFTREG_component ; work         ;
;       |paritet_bit:inst9|                      ; 4 (4)             ; 0 (0)        ; 0           ; 0            ; 0       ; 0         ; 0    ; 0            ; |proc|reg:inst15|paritet_bit:inst9                                       ; work         ;
+------------------------------------------------+-------------------+--------------+-------------+--------------+---------+-----------+------+--------------+--------------------------------------------------------------------------+--------------+
Note: For table entries with two numbers listed, the numbers in parentheses indicate the number of resources of the given type used by the specific entity alone. The numbers listed outside of parentheses indicate the total resources of the given type used by the specific entity and all of its sub-entities in the hierarchy.


+-----------------------------------------------------------------------------------------------------------------------------------------------------------------------+
; Analysis & Synthesis IP Cores Summary                                                                                                                                 ;
+--------+--------------+---------+--------------+--------------+---------------------------------------------------------+---------------------------------------------+
; Vendor ; IP Core Name ; Version ; Release Date ; License Type ; Entity Instance                                         ; IP Include File                             ;
+--------+--------------+---------+--------------+--------------+---------------------------------------------------------+---------------------------------------------+
; Altera ; LPM_SHIFTREG ; N/A     ; N/A          ; N/A          ; |proc|reg:inst15|lpm_shiftreg0:inst                     ; D:/CODING/CADWork/CW/proc/lpm_shiftreg0.vhd ;
; Altera ; LPM_CONSTANT ; N/A     ; N/A          ; N/A          ; |proc|reg:inst15|lpm_constant0:inst1                    ; D:/CODING/CADWork/CW/proc/lpm_constant0.vhd ;
; Altera ; LPM_CONSTANT ; N/A     ; N/A          ; N/A          ; |proc|reg:inst15|lpm_constant1:inst2                    ; D:/CODING/CADWork/CW/proc/lpm_constant1.vhd ;
; Altera ; LPM_SHIFTREG ; N/A     ; N/A          ; N/A          ; |proc|reg:inst15|lpm_shiftreg1:inst7                    ; D:/CODING/CADWork/CW/proc/lpm_shiftreg1.vhd ;
; Altera ; LPM_SHIFTREG ; N/A     ; N/A          ; N/A          ; |proc|reg:inst15|lpm_shiftreg2:inst8                    ; D:/CODING/CADWork/CW/proc/lpm_shiftreg2.vhd ;
; Altera ; LPM_CONSTANT ; N/A     ; N/A          ; N/A          ; |proc|reg:inst15|output_tact:inst10|lpm_constant0:inst1 ; D:/CODING/CADWork/CW/proc/lpm_constant0.vhd ;
; Altera ; LPM_MUX      ; N/A     ; N/A          ; N/A          ; |proc|reg:inst15|output_tact:inst10|lpm_mux0:inst2      ; D:/CODING/CADWork/CW/proc/lpm_mux0.vhd      ;
; Altera ; LPM_COUNTER  ; N/A     ; N/A          ; N/A          ; |proc|reg:inst15|ready_signal:inst11|lpm_counter0:inst  ; D:/CODING/CADWork/CW/proc/lpm_counter0.vhd  ;
; Altera ; LPM_DECODE   ; N/A     ; N/A          ; N/A          ; |proc|reg:inst15|ready_signal:inst11|lpm_decode0:inst1  ; D:/CODING/CADWork/CW/proc/lpm_decode0.vhd   ;
+--------+--------------+---------+--------------+--------------+---------------------------------------------------------+---------------------------------------------+


+------------------------------------------------------------------------------------------------------------------------------------------------------------------+
; Registers Removed During Synthesis                                                                                                                               ;
+-------------------------------------------------------------------------------------------------------------------------+----------------------------------------+
; Register name                                                                                                           ; Reason for Removal                     ;
+-------------------------------------------------------------------------------------------------------------------------+----------------------------------------+
; reg:inst15|lpm_shiftreg1:inst7|lpm_shiftreg:LPM_SHIFTREG_component|dffs[2]                                              ; Stuck at GND due to stuck port data_in ;
; reg:inst15|output_tact:inst10|inst3                                                                                     ; Stuck at GND due to stuck port clock   ;
; reg:inst15|output_tact:inst10|inst5                                                                                     ; Stuck at GND due to stuck port clock   ;
; reg:inst15|output_tact:inst10|inst4                                                                                     ; Stuck at GND due to stuck port clock   ;
; reg:inst15|ready_signal:inst11|lpm_counter0:inst|lpm_counter:LPM_COUNTER_component|cntr_7ni:auto_generated|safe_q[0..4] ; Stuck at GND due to stuck port clock   ;
; reg:inst15|lpm_shiftreg0:inst|lpm_shiftreg:LPM_SHIFTREG_component|dffs[1..14]                                           ; Lost fanout                            ;
; reg:inst15|lpm_shiftreg1:inst7|lpm_shiftreg:LPM_SHIFTREG_component|dffs[0,1]                                            ; Lost fanout                            ;
; reg:inst15|lpm_shiftreg0:inst|lpm_shiftreg:LPM_SHIFTREG_component|dffs[0]                                               ; Stuck at VCC due to stuck port preset  ;
; Total Number of Removed Registers = 26                                                                                  ;                                        ;
+-------------------------------------------------------------------------------------------------------------------------+----------------------------------------+


+--------------------------------------------------------------------------------------------------------------------------------------------------------------------------------------------------------------------------------+
; Removed Registers Triggering Further Register Optimizations                                                                                                                                                                    ;
+----------------------------------------------------------------------------+---------------------------+-----------------------------------------------------------------------------------------------------------------------+
; Register name                                                              ; Reason for Removal        ; Registers Removed due to This Register                                                                                ;
+----------------------------------------------------------------------------+---------------------------+-----------------------------------------------------------------------------------------------------------------------+
; reg:inst15|lpm_shiftreg1:inst7|lpm_shiftreg:LPM_SHIFTREG_component|dffs[2] ; Stuck at GND              ; reg:inst15|output_tact:inst10|inst3, reg:inst15|output_tact:inst10|inst5,                                             ;
;                                                                            ; due to stuck port data_in ; reg:inst15|output_tact:inst10|inst4,                                                                                  ;
;                                                                            ;                           ; reg:inst15|ready_signal:inst11|lpm_counter0:inst|lpm_counter:LPM_COUNTER_component|cntr_7ni:auto_generated|safe_q[3], ;
;                                                                            ;                           ; reg:inst15|ready_signal:inst11|lpm_counter0:inst|lpm_counter:LPM_COUNTER_component|cntr_7ni:auto_generated|safe_q[2], ;
;                                                                            ;                           ; reg:inst15|ready_signal:inst11|lpm_counter0:inst|lpm_counter:LPM_COUNTER_component|cntr_7ni:auto_generated|safe_q[1], ;
;                                                                            ;                           ; reg:inst15|ready_signal:inst11|lpm_counter0:inst|lpm_counter:LPM_COUNTER_component|cntr_7ni:auto_generated|safe_q[0], ;
;                                                                            ;                           ; reg:inst15|ready_signal:inst11|lpm_counter0:inst|lpm_counter:LPM_COUNTER_component|cntr_7ni:auto_generated|safe_q[4], ;
;                                                                            ;                           ; reg:inst15|lpm_shiftreg0:inst|lpm_shiftreg:LPM_SHIFTREG_component|dffs[1],                                            ;
;                                                                            ;                           ; reg:inst15|lpm_shiftreg0:inst|lpm_shiftreg:LPM_SHIFTREG_component|dffs[2],                                            ;
;                                                                            ;                           ; reg:inst15|lpm_shiftreg0:inst|lpm_shiftreg:LPM_SHIFTREG_component|dffs[3],                                            ;
;                                                                            ;                           ; reg:inst15|lpm_shiftreg0:inst|lpm_shiftreg:LPM_SHIFTREG_component|dffs[4],                                            ;
;                                                                            ;                           ; reg:inst15|lpm_shiftreg0:inst|lpm_shiftreg:LPM_SHIFTREG_component|dffs[5],                                            ;
;                                                                            ;                           ; reg:inst15|lpm_shiftreg0:inst|lpm_shiftreg:LPM_SHIFTREG_component|dffs[6],                                            ;
;                                                                            ;                           ; reg:inst15|lpm_shiftreg0:inst|lpm_shiftreg:LPM_SHIFTREG_component|dffs[7],                                            ;
;                                                                            ;                           ; reg:inst15|lpm_shiftreg0:inst|lpm_shiftreg:LPM_SHIFTREG_component|dffs[8],                                            ;
;                                                                            ;                           ; reg:inst15|lpm_shiftreg0:inst|lpm_shiftreg:LPM_SHIFTREG_component|dffs[9],                                            ;
;                                                                            ;                           ; reg:inst15|lpm_shiftreg0:inst|lpm_shiftreg:LPM_SHIFTREG_component|dffs[10],                                           ;
;                                                                            ;                           ; reg:inst15|lpm_shiftreg0:inst|lpm_shiftreg:LPM_SHIFTREG_component|dffs[11],                                           ;
;                                                                            ;                           ; reg:inst15|lpm_shiftreg0:inst|lpm_shiftreg:LPM_SHIFTREG_component|dffs[12],                                           ;
;                                                                            ;                           ; reg:inst15|lpm_shiftreg0:inst|lpm_shiftreg:LPM_SHIFTREG_component|dffs[13],                                           ;
;                                                                            ;                           ; reg:inst15|lpm_shiftreg0:inst|lpm_shiftreg:LPM_SHIFTREG_component|dffs[14],                                           ;
;                                                                            ;                           ; reg:inst15|lpm_shiftreg1:inst7|lpm_shiftreg:LPM_SHIFTREG_component|dffs[0],                                           ;
;                                                                            ;                           ; reg:inst15|lpm_shiftreg1:inst7|lpm_shiftreg:LPM_SHIFTREG_component|dffs[1],                                           ;
;                                                                            ;                           ; reg:inst15|lpm_shiftreg0:inst|lpm_shiftreg:LPM_SHIFTREG_component|dffs[0]                                             ;
+----------------------------------------------------------------------------+---------------------------+-----------------------------------------------------------------------------------------------------------------------+


+------------------------------------------------------+
; General Register Statistics                          ;
+----------------------------------------------+-------+
; Statistic                                    ; Value ;
+----------------------------------------------+-------+
; Total registers                              ; 12    ;
; Number of registers using Synchronous Clear  ; 0     ;
; Number of registers using Synchronous Load   ; 0     ;
; Number of registers using Asynchronous Clear ; 12    ;
; Number of registers using Asynchronous Load  ; 0     ;
; Number of registers using Clock Enable       ; 12    ;
; Number of registers using Preset             ; 0     ;
+----------------------------------------------+-------+


+---------------------------------------------------------------------------------------------------------------------+
; Parameter Settings for User Entity Instance: reg:inst15|output_tact:inst10|lpm_mux0:inst2|LPM_MUX:LPM_MUX_component ;
+------------------------+------------+-------------------------------------------------------------------------------+
; Parameter Name         ; Value      ; Type                                                                          ;
+------------------------+------------+-------------------------------------------------------------------------------+
; AUTO_CARRY_CHAINS      ; ON         ; AUTO_CARRY                                                                    ;
; IGNORE_CARRY_BUFFERS   ; OFF        ; IGNORE_CARRY                                                                  ;
; AUTO_CASCADE_CHAINS    ; ON         ; AUTO_CASCADE                                                                  ;
; IGNORE_CASCADE_BUFFERS ; OFF        ; IGNORE_CASCADE                                                                ;
; LPM_WIDTH              ; 1          ; Signed Integer                                                                ;
; LPM_SIZE               ; 3          ; Signed Integer                                                                ;
; LPM_WIDTHS             ; 2          ; Signed Integer                                                                ;
; LPM_PIPELINE           ; 0          ; Signed Integer                                                                ;
; CBXI_PARAMETER         ; mux_23e    ; Untyped                                                                       ;
; DEVICE_FAMILY          ; Cyclone II ; Untyped                                                                       ;
+------------------------+------------+-------------------------------------------------------------------------------+
Note: In order to hide this table in the UI and the text report file, please set the "Show Parameter Settings in Synthesis Report" option in "Analysis and Synthesis Settings -> More Settings" to "Off".


+------------------------------------------------------------------------------------------------------------------------------------+
; Parameter Settings for User Entity Instance: reg:inst15|output_tact:inst10|lpm_constant0:inst1|lpm_constant:LPM_CONSTANT_component ;
+--------------------+------------------+--------------------------------------------------------------------------------------------+
; Parameter Name     ; Value            ; Type                                                                                       ;
+--------------------+------------------+--------------------------------------------------------------------------------------------+
; LPM_WIDTH          ; 1                ; Signed Integer                                                                             ;
; LPM_CVALUE         ; 1                ; Signed Integer                                                                             ;
; ENABLE_RUNTIME_MOD ; NO               ; Untyped                                                                                    ;
; CBXI_PARAMETER     ; lpm_constant_4e6 ; Untyped                                                                                    ;
+--------------------+------------------+--------------------------------------------------------------------------------------------+
Note: In order to hide this table in the UI and the text report file, please set the "Show Parameter Settings in Synthesis Report" option in "Analysis and Synthesis Settings -> More Settings" to "Off".


+-----------------------------------------------------------------------------------------------------------------+
; Parameter Settings for User Entity Instance: reg:inst15|lpm_shiftreg1:inst7|lpm_shiftreg:LPM_SHIFTREG_component ;
+------------------------+------------+---------------------------------------------------------------------------+
; Parameter Name         ; Value      ; Type                                                                      ;
+------------------------+------------+---------------------------------------------------------------------------+
; LPM_WIDTH              ; 3          ; Signed Integer                                                            ;
; LPM_DIRECTION          ; LEFT       ; Untyped                                                                   ;
; LPM_AVALUE             ; UNUSED     ; Untyped                                                                   ;
; LPM_SVALUE             ; UNUSED     ; Untyped                                                                   ;
; DEVICE_FAMILY          ; Cyclone II ; Untyped                                                                   ;
; AUTO_CARRY_CHAINS      ; ON         ; AUTO_CARRY                                                                ;
; IGNORE_CARRY_BUFFERS   ; OFF        ; IGNORE_CARRY                                                              ;
; AUTO_CASCADE_CHAINS    ; ON         ; AUTO_CASCADE                                                              ;
; IGNORE_CASCADE_BUFFERS ; OFF        ; IGNORE_CASCADE                                                            ;
+------------------------+------------+---------------------------------------------------------------------------+
Note: In order to hide this table in the UI and the text report file, please set the "Show Parameter Settings in Synthesis Report" option in "Analysis and Synthesis Settings -> More Settings" to "Off".


+-------------------------------------------------------------------------------------------------------------------------------+
; Parameter Settings for User Entity Instance: reg:inst15|ready_signal:inst11|lpm_decode0:inst1|lpm_decode:LPM_DECODE_component ;
+------------------------+------------+-----------------------------------------------------------------------------------------+
; Parameter Name         ; Value      ; Type                                                                                    ;
+------------------------+------------+-----------------------------------------------------------------------------------------+
; LPM_WIDTH              ; 5          ; Signed Integer                                                                          ;
; LPM_DECODES            ; 32         ; Signed Integer                                                                          ;
; LPM_PIPELINE           ; 0          ; Untyped                                                                                 ;
; CASCADE_CHAIN          ; MANUAL     ; Untyped                                                                                 ;
; DEVICE_FAMILY          ; Cyclone II ; Untyped                                                                                 ;
; CBXI_PARAMETER         ; decode_b8f ; Untyped                                                                                 ;
; AUTO_CARRY_CHAINS      ; ON         ; AUTO_CARRY                                                                              ;
; IGNORE_CARRY_BUFFERS   ; OFF        ; IGNORE_CARRY                                                                            ;
; AUTO_CASCADE_CHAINS    ; ON         ; AUTO_CASCADE                                                                            ;
; IGNORE_CASCADE_BUFFERS ; OFF        ; IGNORE_CASCADE                                                                          ;
+------------------------+------------+-----------------------------------------------------------------------------------------+
Note: In order to hide this table in the UI and the text report file, please set the "Show Parameter Settings in Synthesis Report" option in "Analysis and Synthesis Settings -> More Settings" to "Off".


+---------------------------------------------------------------------------------------------------------------------------------+
; Parameter Settings for User Entity Instance: reg:inst15|ready_signal:inst11|lpm_counter0:inst|lpm_counter:LPM_COUNTER_component ;
+------------------------+-------------+------------------------------------------------------------------------------------------+
; Parameter Name         ; Value       ; Type                                                                                     ;
+------------------------+-------------+------------------------------------------------------------------------------------------+
; AUTO_CARRY_CHAINS      ; ON          ; AUTO_CARRY                                                                               ;
; IGNORE_CARRY_BUFFERS   ; OFF         ; IGNORE_CARRY                                                                             ;
; AUTO_CASCADE_CHAINS    ; ON          ; AUTO_CASCADE                                                                             ;
; IGNORE_CASCADE_BUFFERS ; OFF         ; IGNORE_CASCADE                                                                           ;
; LPM_WIDTH              ; 5           ; Signed Integer                                                                           ;
; LPM_DIRECTION          ; UP          ; Untyped                                                                                  ;
; LPM_MODULUS            ; 0           ; Untyped                                                                                  ;
; LPM_AVALUE             ; UNUSED      ; Untyped                                                                                  ;
; LPM_SVALUE             ; UNUSED      ; Untyped                                                                                  ;
; LPM_PORT_UPDOWN        ; PORT_UNUSED ; Untyped                                                                                  ;
; DEVICE_FAMILY          ; Cyclone II  ; Untyped                                                                                  ;
; CARRY_CHAIN            ; MANUAL      ; Untyped                                                                                  ;
; CARRY_CHAIN_LENGTH     ; 48          ; CARRY_CHAIN_LENGTH                                                                       ;
; NOT_GATE_PUSH_BACK     ; ON          ; NOT_GATE_PUSH_BACK                                                                       ;
; CARRY_CNT_EN           ; SMART       ; Untyped                                                                                  ;
; LABWIDE_SCLR           ; ON          ; Untyped                                                                                  ;
; USE_NEW_VERSION        ; TRUE        ; Untyped                                                                                  ;
; CBXI_PARAMETER         ; cntr_7ni    ; Untyped                                                                                  ;
+------------------------+-------------+------------------------------------------------------------------------------------------+
Note: In order to hide this table in the UI and the text report file, please set the "Show Parameter Settings in Synthesis Report" option in "Analysis and Synthesis Settings -> More Settings" to "Off".


+----------------------------------------------------------------------------------------------------------------+
; Parameter Settings for User Entity Instance: reg:inst15|lpm_shiftreg0:inst|lpm_shiftreg:LPM_SHIFTREG_component ;
+------------------------+------------+--------------------------------------------------------------------------+
; Parameter Name         ; Value      ; Type                                                                     ;
+------------------------+------------+--------------------------------------------------------------------------+
; LPM_WIDTH              ; 15         ; Signed Integer                                                           ;
; LPM_DIRECTION          ; RIGHT      ; Untyped                                                                  ;
; LPM_AVALUE             ; UNUSED     ; Untyped                                                                  ;
; LPM_SVALUE             ; UNUSED     ; Untyped                                                                  ;
; DEVICE_FAMILY          ; Cyclone II ; Untyped                                                                  ;
; AUTO_CARRY_CHAINS      ; ON         ; AUTO_CARRY                                                               ;
; IGNORE_CARRY_BUFFERS   ; OFF        ; IGNORE_CARRY                                                             ;
; AUTO_CASCADE_CHAINS    ; ON         ; AUTO_CASCADE                                                             ;
; IGNORE_CASCADE_BUFFERS ; OFF        ; IGNORE_CASCADE                                                           ;
+------------------------+------------+--------------------------------------------------------------------------+
Note: In order to hide this table in the UI and the text report file, please set the "Show Parameter Settings in Synthesis Report" option in "Analysis and Synthesis Settings -> More Settings" to "Off".


+-----------------------------------------------------------------------------------------------------------------+
; Parameter Settings for User Entity Instance: reg:inst15|lpm_constant1:inst2|lpm_constant:LPM_CONSTANT_component ;
+--------------------+------------------+-------------------------------------------------------------------------+
; Parameter Name     ; Value            ; Type                                                                    ;
+--------------------+------------------+-------------------------------------------------------------------------+
; LPM_WIDTH          ; 1                ; Signed Integer                                                          ;
; LPM_CVALUE         ; 0                ; Signed Integer                                                          ;
; ENABLE_RUNTIME_MOD ; NO               ; Untyped                                                                 ;
; CBXI_PARAMETER     ; lpm_constant_3e6 ; Untyped                                                                 ;
+--------------------+------------------+-------------------------------------------------------------------------+
Note: In order to hide this table in the UI and the text report file, please set the "Show Parameter Settings in Synthesis Report" option in "Analysis and Synthesis Settings -> More Settings" to "Off".


+-----------------------------------------------------------------------------------------------------------------+
; Parameter Settings for User Entity Instance: reg:inst15|lpm_constant0:inst1|lpm_constant:LPM_CONSTANT_component ;
+--------------------+------------------+-------------------------------------------------------------------------+
; Parameter Name     ; Value            ; Type                                                                    ;
+--------------------+------------------+-------------------------------------------------------------------------+
; LPM_WIDTH          ; 1                ; Signed Integer                                                          ;
; LPM_CVALUE         ; 1                ; Signed Integer                                                          ;
; ENABLE_RUNTIME_MOD ; NO               ; Untyped                                                                 ;
; CBXI_PARAMETER     ; lpm_constant_4e6 ; Untyped                                                                 ;
+--------------------+------------------+-------------------------------------------------------------------------+
Note: In order to hide this table in the UI and the text report file, please set the "Show Parameter Settings in Synthesis Report" option in "Analysis and Synthesis Settings -> More Settings" to "Off".


+-----------------------------------------------------------------------------------------------------------------+
; Parameter Settings for User Entity Instance: reg:inst15|lpm_shiftreg2:inst8|lpm_shiftreg:LPM_SHIFTREG_component ;
+------------------------+------------+---------------------------------------------------------------------------+
; Parameter Name         ; Value      ; Type                                                                      ;
+------------------------+------------+---------------------------------------------------------------------------+
; LPM_WIDTH              ; 12         ; Signed Integer                                                            ;
; LPM_DIRECTION          ; RIGHT      ; Untyped                                                                   ;
; LPM_AVALUE             ; UNUSED     ; Untyped                                                                   ;
; LPM_SVALUE             ; UNUSED     ; Untyped                                                                   ;
; DEVICE_FAMILY          ; Cyclone II ; Untyped                                                                   ;
; AUTO_CARRY_CHAINS      ; ON         ; AUTO_CARRY                                                                ;
; IGNORE_CARRY_BUFFERS   ; OFF        ; IGNORE_CARRY                                                              ;
; AUTO_CASCADE_CHAINS    ; ON         ; AUTO_CASCADE                                                              ;
; IGNORE_CASCADE_BUFFERS ; OFF        ; IGNORE_CASCADE                                                            ;
+------------------------+------------+---------------------------------------------------------------------------+
Note: In order to hide this table in the UI and the text report file, please set the "Show Parameter Settings in Synthesis Report" option in "Analysis and Synthesis Settings -> More Settings" to "Off".


+-------------------------------------------------------------------------------------------------+
; lpm_shiftreg Parameter Settings by Entity Instance                                              ;
+----------------------------+--------------------------------------------------------------------+
; Name                       ; Value                                                              ;
+----------------------------+--------------------------------------------------------------------+
; Number of entity instances ; 3                                                                  ;
; Entity Instance            ; reg:inst15|lpm_shiftreg1:inst7|lpm_shiftreg:LPM_SHIFTREG_component ;
;     -- LPM_WIDTH           ; 3                                                                  ;
;     -- LPM_DIRECTION       ; LEFT                                                               ;
; Entity Instance            ; reg:inst15|lpm_shiftreg0:inst|lpm_shiftreg:LPM_SHIFTREG_component  ;
;     -- LPM_WIDTH           ; 15                                                                 ;
;     -- LPM_DIRECTION       ; RIGHT                                                              ;
; Entity Instance            ; reg:inst15|lpm_shiftreg2:inst8|lpm_shiftreg:LPM_SHIFTREG_component ;
;     -- LPM_WIDTH           ; 12                                                                 ;
;     -- LPM_DIRECTION       ; RIGHT                                                              ;
+----------------------------+--------------------------------------------------------------------+


+-------------------------------+
; Elapsed Time Per Partition    ;
+----------------+--------------+
; Partition Name ; Elapsed Time ;
+----------------+--------------+
; Top            ; 00:00:00     ;
+----------------+--------------+


+-------------------------------+
; Analysis & Synthesis Messages ;
+-------------------------------+
Info: *******************************************************************
Info: Running Quartus II 64-Bit Analysis & Synthesis
    Info: Version 13.0.1 Build 232 06/12/2013 Service Pack 1 SJ Web Edition
    Info: Processing started: Tue May 21 18:34:23 2024
Info: Command: quartus_map --read_settings_files=on --write_settings_files=off proc -c proc
Warning (20028): Parallel compilation is not licensed and has been disabled
Info (12021): Found 1 design units, including 1 entities, in source file proc.bdf
    Info (12023): Found entity 1: proc
Info (12127): Elaborating entity "proc" for the top level hierarchy
Warning (275008): Primitive "AND3" of instance "inst7" not used
Warning (12125): Using design file reg.bdf, which is not specified as a design file for the current project, but contains definitions for 1 design units and 1 entities in project
    Info (12023): Found entity 1: reg
Info (12128): Elaborating entity "reg" for hierarchy "reg:inst15"
Warning (12125): Using design file output_tact.bdf, which is not specified as a design file for the current project, but contains definitions for 1 design units and 1 entities in project
    Info (12023): Found entity 1: output_tact
Info (12128): Elaborating entity "output_tact" for hierarchy "reg:inst15|output_tact:inst10"
Warning (12125): Using design file lpm_mux0.vhd, which is not specified as a design file for the current project, but contains definitions for 2 design units and 1 entities in project
    Info (12022): Found design unit 1: lpm_mux0-SYN
    Info (12023): Found entity 1: lpm_mux0
Info (12128): Elaborating entity "lpm_mux0" for hierarchy "reg:inst15|output_tact:inst10|lpm_mux0:inst2"
Info (12128): Elaborating entity "LPM_MUX" for hierarchy "reg:inst15|output_tact:inst10|lpm_mux0:inst2|LPM_MUX:LPM_MUX_component"
Info (12130): Elaborated megafunction instantiation "reg:inst15|output_tact:inst10|lpm_mux0:inst2|LPM_MUX:LPM_MUX_component"
Info (12133): Instantiated megafunction "reg:inst15|output_tact:inst10|lpm_mux0:inst2|LPM_MUX:LPM_MUX_component" with the following parameter:
    Info (12134): Parameter "LPM_WIDTH" = "1"
    Info (12134): Parameter "LPM_SIZE" = "3"
    Info (12134): Parameter "LPM_WIDTHS" = "2"
    Info (12134): Parameter "LPM_PIPELINE" = "0"
    Info (12134): Parameter "LPM_TYPE" = "LPM_MUX"
    Info (12134): Parameter "LPM_HINT" = "UNUSED"
Info (12021): Found 1 design units, including 1 entities, in source file db/mux_23e.tdf
    Info (12023): Found entity 1: mux_23e
Info (12128): Elaborating entity "mux_23e" for hierarchy "reg:inst15|output_tact:inst10|lpm_mux0:inst2|LPM_MUX:LPM_MUX_component|mux_23e:auto_generated"
Warning (12125): Using design file lpm_constant0.vhd, which is not specified as a design file for the current project, but contains definitions for 2 design units and 1 entities in project
    Info (12022): Found design unit 1: lpm_constant0-SYN
    Info (12023): Found entity 1: lpm_constant0
Info (12128): Elaborating entity "lpm_constant0" for hierarchy "reg:inst15|output_tact:inst10|lpm_constant0:inst1"
Info (12128): Elaborating entity "lpm_constant" for hierarchy "reg:inst15|output_tact:inst10|lpm_constant0:inst1|lpm_constant:LPM_CONSTANT_component"
Info (12130): Elaborated megafunction instantiation "reg:inst15|output_tact:inst10|lpm_constant0:inst1|lpm_constant:LPM_CONSTANT_component"
Info (12133): Instantiated megafunction "reg:inst15|output_tact:inst10|lpm_constant0:inst1|lpm_constant:LPM_CONSTANT_component" with the following parameter:
    Info (12134): Parameter "lpm_cvalue" = "1"
    Info (12134): Parameter "lpm_hint" = "ENABLE_RUNTIME_MOD=NO"
    Info (12134): Parameter "lpm_type" = "LPM_CONSTANT"
    Info (12134): Parameter "lpm_width" = "1"
Warning (12125): Using design file lpm_shiftreg1.vhd, which is not specified as a design file for the current project, but contains definitions for 2 design units and 1 entities in project
    Info (12022): Found design unit 1: lpm_shiftreg1-SYN
    Info (12023): Found entity 1: lpm_shiftreg1
Info (12128): Elaborating entity "lpm_shiftreg1" for hierarchy "reg:inst15|lpm_shiftreg1:inst7"
Info (12128): Elaborating entity "lpm_shiftreg" for hierarchy "reg:inst15|lpm_shiftreg1:inst7|lpm_shiftreg:LPM_SHIFTREG_component"
Info (12130): Elaborated megafunction instantiation "reg:inst15|lpm_shiftreg1:inst7|lpm_shiftreg:LPM_SHIFTREG_component"
Info (12133): Instantiated megafunction "reg:inst15|lpm_shiftreg1:inst7|lpm_shiftreg:LPM_SHIFTREG_component" with the following parameter:
    Info (12134): Parameter "lpm_direction" = "LEFT"
    Info (12134): Parameter "lpm_type" = "LPM_SHIFTREG"
    Info (12134): Parameter "lpm_width" = "3"
Warning (12125): Using design file ready_signal.bdf, which is not specified as a design file for the current project, but contains definitions for 1 design units and 1 entities in project
    Info (12023): Found entity 1: ready_signal
Info (12128): Elaborating entity "ready_signal" for hierarchy "reg:inst15|ready_signal:inst11"
Warning (12125): Using design file lpm_decode0.vhd, which is not specified as a design file for the current project, but contains definitions for 2 design units and 1 entities in project
    Info (12022): Found design unit 1: lpm_decode0-SYN
    Info (12023): Found entity 1: lpm_decode0
Info (12128): Elaborating entity "lpm_decode0" for hierarchy "reg:inst15|ready_signal:inst11|lpm_decode0:inst1"
Info (12128): Elaborating entity "lpm_decode" for hierarchy "reg:inst15|ready_signal:inst11|lpm_decode0:inst1|lpm_decode:LPM_DECODE_component"
Info (12130): Elaborated megafunction instantiation "reg:inst15|ready_signal:inst11|lpm_decode0:inst1|lpm_decode:LPM_DECODE_component"
Info (12133): Instantiated megafunction "reg:inst15|ready_signal:inst11|lpm_decode0:inst1|lpm_decode:LPM_DECODE_component" with the following parameter:
    Info (12134): Parameter "lpm_decodes" = "32"
    Info (12134): Parameter "lpm_type" = "LPM_DECODE"
    Info (12134): Parameter "lpm_width" = "5"
Info (12021): Found 1 design units, including 1 entities, in source file db/decode_b8f.tdf
    Info (12023): Found entity 1: decode_b8f
Info (12128): Elaborating entity "decode_b8f" for hierarchy "reg:inst15|ready_signal:inst11|lpm_decode0:inst1|lpm_decode:LPM_DECODE_component|decode_b8f:auto_generated"
Warning (12125): Using design file lpm_counter0.vhd, which is not specified as a design file for the current project, but contains definitions for 2 design units and 1 entities in project
    Info (12022): Found design unit 1: lpm_counter0-SYN
    Info (12023): Found entity 1: lpm_counter0
Info (12128): Elaborating entity "lpm_counter0" for hierarchy "reg:inst15|ready_signal:inst11|lpm_counter0:inst"
Info (12128): Elaborating entity "lpm_counter" for hierarchy "reg:inst15|ready_signal:inst11|lpm_counter0:inst|lpm_counter:LPM_COUNTER_component"
Info (12130): Elaborated megafunction instantiation "reg:inst15|ready_signal:inst11|lpm_counter0:inst|lpm_counter:LPM_COUNTER_component"
Info (12133): Instantiated megafunction "reg:inst15|ready_signal:inst11|lpm_counter0:inst|lpm_counter:LPM_COUNTER_component" with the following parameter:
    Info (12134): Parameter "lpm_direction" = "UP"
    Info (12134): Parameter "lpm_port_updown" = "PORT_UNUSED"
    Info (12134): Parameter "lpm_type" = "LPM_COUNTER"
    Info (12134): Parameter "lpm_width" = "5"
Info (12021): Found 1 design units, including 1 entities, in source file db/cntr_7ni.tdf
    Info (12023): Found entity 1: cntr_7ni
Info (12128): Elaborating entity "cntr_7ni" for hierarchy "reg:inst15|ready_signal:inst11|lpm_counter0:inst|lpm_counter:LPM_COUNTER_component|cntr_7ni:auto_generated"
Warning (12125): Using design file lpm_shiftreg0.vhd, which is not specified as a design file for the current project, but contains definitions for 2 design units and 1 entities in project
    Info (12022): Found design unit 1: lpm_shiftreg0-SYN
    Info (12023): Found entity 1: lpm_shiftreg0
Info (12128): Elaborating entity "lpm_shiftreg0" for hierarchy "reg:inst15|lpm_shiftreg0:inst"
Info (12128): Elaborating entity "lpm_shiftreg" for hierarchy "reg:inst15|lpm_shiftreg0:inst|lpm_shiftreg:LPM_SHIFTREG_component"
Info (12130): Elaborated megafunction instantiation "reg:inst15|lpm_shiftreg0:inst|lpm_shiftreg:LPM_SHIFTREG_component"
Info (12133): Instantiated megafunction "reg:inst15|lpm_shiftreg0:inst|lpm_shiftreg:LPM_SHIFTREG_component" with the following parameter:
    Info (12134): Parameter "lpm_direction" = "RIGHT"
    Info (12134): Parameter "lpm_type" = "LPM_SHIFTREG"
    Info (12134): Parameter "lpm_width" = "15"
Warning (12125): Using design file lpm_constant1.vhd, which is not specified as a design file for the current project, but contains definitions for 2 design units and 1 entities in project
    Info (12022): Found design unit 1: lpm_constant1-SYN
    Info (12023): Found entity 1: lpm_constant1
Info (12128): Elaborating entity "lpm_constant1" for hierarchy "reg:inst15|lpm_constant1:inst2"
Info (12128): Elaborating entity "lpm_constant" for hierarchy "reg:inst15|lpm_constant1:inst2|lpm_constant:LPM_CONSTANT_component"
Info (12130): Elaborated megafunction instantiation "reg:inst15|lpm_constant1:inst2|lpm_constant:LPM_CONSTANT_component"
Info (12133): Instantiated megafunction "reg:inst15|lpm_constant1:inst2|lpm_constant:LPM_CONSTANT_component" with the following parameter:
    Info (12134): Parameter "lpm_cvalue" = "0"
    Info (12134): Parameter "lpm_hint" = "ENABLE_RUNTIME_MOD=NO"
    Info (12134): Parameter "lpm_type" = "LPM_CONSTANT"
    Info (12134): Parameter "lpm_width" = "1"
Warning (12125): Using design file lpm_shiftreg2.vhd, which is not specified as a design file for the current project, but contains definitions for 2 design units and 1 entities in project
    Info (12022): Found design unit 1: lpm_shiftreg2-SYN
    Info (12023): Found entity 1: lpm_shiftreg2
Info (12128): Elaborating entity "lpm_shiftreg2" for hierarchy "reg:inst15|lpm_shiftreg2:inst8"
Info (12128): Elaborating entity "lpm_shiftreg" for hierarchy "reg:inst15|lpm_shiftreg2:inst8|lpm_shiftreg:LPM_SHIFTREG_component"
Info (12130): Elaborated megafunction instantiation "reg:inst15|lpm_shiftreg2:inst8|lpm_shiftreg:LPM_SHIFTREG_component"
Info (12133): Instantiated megafunction "reg:inst15|lpm_shiftreg2:inst8|lpm_shiftreg:LPM_SHIFTREG_component" with the following parameter:
    Info (12134): Parameter "lpm_direction" = "RIGHT"
    Info (12134): Parameter "lpm_type" = "LPM_SHIFTREG"
    Info (12134): Parameter "lpm_width" = "12"
Warning (12125): Using design file paritet_bit.bdf, which is not specified as a design file for the current project, but contains definitions for 1 design units and 1 entities in project
    Info (12023): Found entity 1: paritet_bit
Info (12128): Elaborating entity "paritet_bit" for hierarchy "reg:inst15|paritet_bit:inst9"
Warning (19016): Clock multiplexers are found and protected
    Warning (19017): Found clock multiplexer reg:inst15|output_tact:inst10|lpm_mux0:inst2|lpm_mux:LPM_MUX_component|mux_23e:auto_generated|result_node[0]~synth
    Warning (19017): Found clock multiplexer reg:inst15|output_tact:inst10|lpm_mux0:inst2|lpm_mux:LPM_MUX_component|mux_23e:auto_generated|_~synth
Warning (13024): Output pins are stuck at VCC or GND
    Warning (13410): Pin "c_M" is stuck at GND
    Warning (13410): Pin "data[14]" is stuck at VCC
    Warning (13410): Pin "data[0]" is stuck at GND
Info (17049): 16 registers lost all their fanouts during netlist optimizations.
Info (16010): Generating hard_block partition "hard_block:auto_generated_inst"
    Info (16011): Adding 0 node(s), including 0 DDIO, 0 PLL, 0 transceiver and 0 LCELL
Info (21057): Implemented 62 device resources after synthesis - the final resource count might be different
    Info (21058): Implemented 24 input pins
    Info (21059): Implemented 18 output pins
    Info (21061): Implemented 20 logic cells
Info: Quartus II 64-Bit Analysis & Synthesis was successful. 0 errors, 21 warnings
    Info: Peak virtual memory: 4651 megabytes
    Info: Processing ended: Tue May 21 18:34:25 2024
    Info: Elapsed time: 00:00:02
    Info: Total CPU time (on all processors): 00:00:02


